0 verbose cli /usr/bin/node-20 /usr/bin/npm
1 info using npm@10.8.2
2 info using node@v20.18.0
3 silly config load:file:/usr/lib/node_modules_20/npm/npmrc
4 silly config load:file:/home/cloudshell-user/.npmrc
5 silly config load:file:/etc/npmrc
6 verbose title npm create vite@latest profilesapp --template react
7 verbose argv "create" "vite@latest" "profilesapp" "--" "--template" "react"
8 verbose logfile logs-max:10 dir:/home/cloudshell-user/.npm/_logs/2024-11-30T16_14_41_925Z-
9 verbose logfile /home/cloudshell-user/.npm/_logs/2024-11-30T16_14_41_925Z-debug-0.log
10 silly logfile done cleaning log files
11 silly packumentCache heap:2035286016 maxSize:508821504 maxEntrySize:254410752
12 http fetch GET 200 https://registry.npmjs.org/npm 147ms
13 http fetch GET 200 https://registry.npmjs.org/create-vite 161ms (cache miss)
14 silly packumentCache heap:2035286016 maxSize:508821504 maxEntrySize:254410752
15 silly idealTree buildDeps
16 silly fetch manifest create-vite@6.0.1
17 silly packumentCache full:https://registry.npmjs.org/create-vite cache-miss
18 http fetch GET 200 https://registry.npmjs.org/create-vite 46ms (cache miss)
19 silly packumentCache full:https://registry.npmjs.org/create-vite set size:undefined disposed:false
20 silly placeDep ROOT create-vite@6.0.1 OK for:  want: 6.0.1
21 silly reify moves {}
22 silly audit bulk request { 'create-vite': [ '6.0.1' ] }
23 silly tarball no local data for create-vite@https://registry.npmjs.org/create-vite/-/create-vite-6.0.1.tgz. Extracting by manifest.
24 http fetch POST 200 https://registry.npmjs.org/-/npm/v1/security/advisories/bulk 133ms
25 silly audit report {}
26 http fetch GET 200 https://registry.npmjs.org/create-vite/-/create-vite-6.0.1.tgz 307ms (cache miss)
27 verbose cwd /home/cloudshell-user
28 verbose os Linux 6.1.112-124.190.amzn2023.x86_64
29 verbose node v20.18.0
30 verbose npm  v10.8.2
31 notice
31 notice New [33mminor[39m version of npm available! [33m10.8.2[39m -> [34m10.9.1[39m
31 notice Changelog: [34mhttps://github.com/npm/cli/releases/tag/v10.9.1[39m
31 notice To update run: [4mnpm install -g npm@10.9.1[24m
31 notice  { force: true, [Symbol(proc-log.meta)]: true }
32 verbose exit 0
33 info ok
